<?xml version="1.0" encoding="UTF-8" ?>
<testsuite errors="0" failures="0" hostname="Jotape-laptop" name="fiuba.algo3.ejemplo1.FooTest" tests="1" time="0.157" timestamp="2013-11-05T03:48:27">
  <properties>
    <property name="java.vendor" value="Sun Microsystems Inc." />
    <property name="coverage.summaryxml.dir" value="/home/jotape/Dropbox/workspace/algo3-grupo2/build/reports/cobertura-summary-xml" />
    <property name="libs" value="/home/jotape/Dropbox/workspace/algo3-grupo2/libs" />
    <property name="sun.java.launcher" value="SUN_STANDARD" />
    <property name="eclipse.pdebuild.templates" value="/home/jotape/eclipse/plugins/org.eclipse.pde.build_3.8.100.v20130514-1028/templates//" />
    <property name="sun.management.compiler" value="HotSpot Tiered Compilers" />
    <property name="os.name" value="Linux" />
    <property name="sun.boot.class.path" value="/usr/lib/jvm/java-6-openjdk-i386/jre/lib/resources.jar:/usr/lib/jvm/java-6-openjdk-i386/jre/lib/rt.jar:/usr/lib/jvm/java-6-openjdk-i386/jre/lib/sunrsasign.jar:/usr/lib/jvm/java-6-openjdk-i386/jre/lib/jsse.jar:/usr/lib/jvm/java-6-openjdk-i386/jre/lib/jce.jar:/usr/lib/jvm/java-6-openjdk-i386/jre/lib/charsets.jar:/usr/lib/jvm/java-6-openjdk-i386/jre/lib/netx.jar:/usr/lib/jvm/java-6-openjdk-i386/jre/lib/plugin.jar:/usr/lib/jvm/java-6-openjdk-i386/jre/lib/rhino.jar:/usr/lib/jvm/java-6-openjdk-i386/jre/lib/modules/jdk.boot.jar:/usr/lib/jvm/java-6-openjdk-i386/jre/classes" />
    <property name="reports.html.dir" value="/home/jotape/Dropbox/workspace/algo3-grupo2/build/reports/junit-html" />
    <property name="sun.desktop" value="gnome" />
    <property name="ant.file.type.tp-final-algo3" value="file" />
    <property name="java.vm.specification.vendor" value="Sun Microsystems Inc." />
    <property name="net.sourceforge.cobertura.datafile" value="/home/jotape/Dropbox/workspace/algo3-grupo2/build/cobertura.ser" />
    <property name="ant.home" value="/home/jotape/eclipse/plugins/org.apache.ant_1.8.4.v201303080030" />
    <property name="java.runtime.version" value="1.6.0_27-b27" />
    <property name="cobertura.dir" value="/home/jotape/Dropbox/workspace/algo3-grupo2/libs" />
    <property name="user.name" value="jotape" />
    <property name="user.language" value="es" />
    <property name="build" value="/home/jotape/Dropbox/workspace/algo3-grupo2/build" />
    <property name="sun.boot.library.path" value="/usr/lib/jvm/java-6-openjdk-i386/jre/lib/i386" />
    <property name="reports.dir" value="/home/jotape/Dropbox/workspace/algo3-grupo2/build/reports" />
    <property name="ant.project.default-target" value="test" />
    <property name="ant.project.name" value="tp-final-algo3" />
    <property name="java.version" value="1.6.0_27" />
    <property name="coverage.html.dir" value="/home/jotape/Dropbox/workspace/algo3-grupo2/build/reports/cobertura-html" />
    <property name="user.timezone" value="" />
    <property name="sun.arch.data.model" value="32" />
    <property name="java.endorsed.dirs" value="/usr/lib/jvm/java-6-openjdk-i386/jre/lib/endorsed" />
    <property name="sun.cpu.isalist" value="" />
    <property name="sun.jnu.encoding" value="UTF-8" />
    <property name="file.encoding.pkg" value="sun.io" />
    <property name="file.separator" value="/" />
    <property name="java.specification.name" value="Java Platform API Specification" />
    <property name="classes.dir" value="/home/jotape/Dropbox/workspace/algo3-grupo2/build" />
    <property name="java.class.version" value="50.0" />
    <property name="user.country" value="AR" />
    <property name="java.home" value="/usr/lib/jvm/java-6-openjdk-i386/jre" />
    <property name="java.vm.info" value="mixed mode" />
    <property name="ant.file" value="/home/jotape/Dropbox/workspace/algo3-grupo2/build.xml" />
    <property name="os.version" value="3.2.0-23-generic" />
    <property name="path.separator" value=":" />
    <property name="java.vm.version" value="20.0-b12" />
    <property name="ant.library.dir" value="/home/jotape/eclipse/plugins/org.apache.ant_1.8.4.v201303080030/lib" />
    <property name="java.awt.printerjob" value="sun.print.PSPrinterJob" />
    <property name="sun.io.unicode.encoding" value="UnicodeLittle" />
    <property name="eclipse.pdebuild.scripts" value="/home/jotape/eclipse/plugins/org.eclipse.pde.build_3.8.100.v20130514-1028/scripts//" />
    <property name="reports.xml.dir" value="/home/jotape/Dropbox/workspace/algo3-grupo2/build/reports/junit-xml" />
    <property name="user.home" value="/home/jotape" />
    <property name="java.specification.vendor" value="Sun Microsystems Inc." />
    <property name="coverage.xml.dir" value="/home/jotape/Dropbox/workspace/algo3-grupo2/build/reports/cobertura-xml" />
    <property name="java.library.path" value="/usr/lib/jvm/java-6-openjdk-i386/jre/lib/i386/server:/usr/lib/jvm/java-6-openjdk-i386/jre/lib/i386:/usr/lib/jvm/java-6-openjdk-i386/jre/../lib/i386:/usr/lib/jvm/java-7-oracle/jre/lib/i386/client:/usr/lib/jvm/java-7-oracle/jre/lib/i386::/usr/java/packages/lib/i386:/usr/lib/i386-linux-gnu/jni:/lib/i386-linux-gnu:/usr/lib/i386-linux-gnu:/usr/lib/jni:/lib:/usr/lib" />
    <property name="java.vendor.url" value="http://java.sun.com/" />
    <property name="java.vm.vendor" value="Sun Microsystems Inc." />
    <property name="java.runtime.name" value="OpenJDK Runtime Environment" />
    <property name="sun.java.command" value="org.apache.tools.ant.taskdefs.optional.junit.JUnitTestRunner fiuba.algo3.ejemplo1.FooTest filtertrace=true haltOnError=false haltOnFailure=false showoutput=false outputtoformatters=true logfailedtests=true logtestlistenerevents=false formatter=org.apache.tools.ant.taskdefs.optional.junit.XMLJUnitResultFormatter,/home/jotape/Dropbox/workspace/algo3-grupo2/build/reports/junit-xml/TEST-fiuba.algo3.ejemplo1.FooTest.xml crashfile=/home/jotape/Dropbox/workspace/algo3-grupo2/junitvmwatcher4570459792833578495.properties propsfile=/home/jotape/Dropbox/workspace/algo3-grupo2/junit4467483780364974889.properties" />
    <property name="java.class.path" value="/home/jotape/Dropbox/workspace/algo3-grupo2/build/instrumented:/home/jotape/Dropbox/workspace/algo3-grupo2/build:/home/jotape/Dropbox/workspace/algo3-grupo2/libs/asm-3.0.jar:/home/jotape/Dropbox/workspace/algo3-grupo2/libs/asm-tree-3.0.jar:/home/jotape/Dropbox/workspace/algo3-grupo2/libs/checkstyle-5.5-all.jar:/home/jotape/Dropbox/workspace/algo3-grupo2/libs/cobertura.jar:/home/jotape/Dropbox/workspace/algo3-grupo2/libs/jakarta-oro-2.0.8.jar:/home/jotape/Dropbox/workspace/algo3-grupo2/libs/junit-4.10.jar:/home/jotape/Dropbox/workspace/algo3-grupo2/libs/log4j-1.2.9.jar:/home/jotape/Dropbox/workspace/algo3-grupo2/libs/mockito-all-1.9.0.jar:/home/jotape/Dropbox/workspace/algo3-grupo2/build/tests:/home/jotape/eclipse/plugins/org.apache.ant_1.8.4.v201303080030/lib/ant-launcher.jar:/home/jotape/eclipse/plugins/org.apache.ant_1.8.4.v201303080030/lib/ant.jar:/home/jotape/eclipse/plugins/org.apache.ant_1.8.4.v201303080030/lib/ant-junit.jar:/home/jotape/eclipse/plugins/org.apache.ant_1.8.4.v201303080030/lib/ant-junit4.jar" />
    <property name="ant.version" value="Apache Ant(TM) version 1.8.4 compiled on May 22 2012" />
    <property name="java.vm.specification.name" value="Java Virtual Machine Specification" />
    <property name="java.vm.specification.version" value="1.0" />
    <property name="sun.cpu.endian" value="little" />
    <property name="sun.os.patch.level" value="unknown" />
    <property name="eclipse.pdebuild.home" value="/home/jotape/eclipse/plugins/org.eclipse.pde.build_3.8.100.v20130514-1028/.//" />
    <property name="java.io.tmpdir" value="/tmp" />
    <property name="java.vendor.url.bug" value="http://java.sun.com/cgi-bin/bugreport.cgi" />
    <property name="os.arch" value="i386" />
    <property name="java.awt.graphicsenv" value="sun.awt.X11GraphicsEnvironment" />
    <property name="instrumented.dir" value="/home/jotape/Dropbox/workspace/algo3-grupo2/build/instrumented" />
    <property name="java.ext.dirs" value="/usr/lib/jvm/java-6-openjdk-i386/jre/lib/ext:/usr/java/packages/lib/ext" />
    <property name="user.dir" value="/home/jotape/Dropbox/workspace/algo3-grupo2" />
    <property name="line.separator" value="&#xa;" />
    <property name="java.vm.name" value="OpenJDK Server VM" />
    <property name="basedir" value="/home/jotape/Dropbox/workspace/algo3-grupo2" />
    <property name="ant.java.version" value="1.6" />
    <property name="ant.core.lib" value="/home/jotape/eclipse/plugins/org.apache.ant_1.8.4.v201303080030/lib/ant.jar" />
    <property name="file.encoding" value="UTF-8" />
    <property name="ant.file.tp-final-algo3" value="/home/jotape/Dropbox/workspace/algo3-grupo2/build.xml" />
    <property name="java.specification.version" value="1.6" />
    <property name="src.dir" value="/home/jotape/Dropbox/workspace/algo3-grupo2/src" />
    <property name="ant.project.invoked-targets" value="test" />
  </properties>
  <testcase classname="fiuba.algo3.ejemplo1.FooTest" name="doFooShouldReturnFoo" time="0.044" />
  <system-out><![CDATA[]]></system-out>
  <system-err><![CDATA[]]></system-err>
</testsuite>
