<?xml version="1.0" encoding="UTF-8" ?>
<testsuite errors="0" failures="0" hostname="Jotape-laptop" name="fiuba.algo3.modelo.vehiculos.VehiculoTest" tests="3" time="0.007" timestamp="2013-11-23T20:41:47">
  <properties>
    <property name="java.vendor" value="Oracle Corporation" />
    <property name="coverage.summaryxml.dir" value="/home/jotape/Dropbox/workspace/algo3-grupo2/build/reports/cobertura-summary-xml" />
    <property name="libs" value="/home/jotape/Dropbox/workspace/algo3-grupo2/libs" />
    <property name="sun.java.launcher" value="SUN_STANDARD" />
    <property name="sun.management.compiler" value="HotSpot Tiered Compilers" />
    <property name="os.name" value="Linux" />
    <property name="sun.boot.class.path" value="/usr/lib/jvm/java-7-oracle/jre/lib/resources.jar:/usr/lib/jvm/java-7-oracle/jre/lib/rt.jar:/usr/lib/jvm/java-7-oracle/jre/lib/sunrsasign.jar:/usr/lib/jvm/java-7-oracle/jre/lib/jsse.jar:/usr/lib/jvm/java-7-oracle/jre/lib/jce.jar:/usr/lib/jvm/java-7-oracle/jre/lib/charsets.jar:/usr/lib/jvm/java-7-oracle/jre/lib/jfr.jar:/usr/lib/jvm/java-7-oracle/jre/classes" />
    <property name="reports.html.dir" value="/home/jotape/Dropbox/workspace/algo3-grupo2/build/reports/junit-html" />
    <property name="sun.desktop" value="gnome" />
    <property name="ant.file.type.tp-final-algo3" value="file" />
    <property name="java.vm.specification.vendor" value="Oracle Corporation" />
    <property name="net.sourceforge.cobertura.datafile" value="/home/jotape/Dropbox/workspace/algo3-grupo2/build/cobertura.ser" />
    <property name="ant.home" value="/usr/share/ant" />
    <property name="java.runtime.version" value="1.7.0_45-b18" />
    <property name="cobertura.dir" value="/home/jotape/Dropbox/workspace/algo3-grupo2/libs" />
    <property name="user.name" value="jotape" />
    <property name="user.language" value="es" />
    <property name="build" value="/home/jotape/Dropbox/workspace/algo3-grupo2/build" />
    <property name="sun.boot.library.path" value="/usr/lib/jvm/java-7-oracle/jre/lib/i386" />
    <property name="reports.dir" value="/home/jotape/Dropbox/workspace/algo3-grupo2/build/reports" />
    <property name="ant.project.default-target" value="test" />
    <property name="ant.project.name" value="tp-final-algo3" />
    <property name="java.version" value="1.7.0_45" />
    <property name="coverage.html.dir" value="/home/jotape/Dropbox/workspace/algo3-grupo2/build/reports/cobertura-html" />
    <property name="user.timezone" value="" />
    <property name="sun.arch.data.model" value="32" />
    <property name="java.endorsed.dirs" value="/usr/lib/jvm/java-7-oracle/jre/lib/endorsed" />
    <property name="sun.cpu.isalist" value="" />
    <property name="sun.jnu.encoding" value="UTF-8" />
    <property name="file.encoding.pkg" value="sun.io" />
    <property name="file.separator" value="/" />
    <property name="java.specification.name" value="Java Platform API Specification" />
    <property name="classes.dir" value="/home/jotape/Dropbox/workspace/algo3-grupo2/build" />
    <property name="java.class.version" value="51.0" />
    <property name="user.country" value="AR" />
    <property name="java.home" value="/usr/lib/jvm/java-7-oracle/jre" />
    <property name="java.vm.info" value="mixed mode" />
    <property name="ant.file" value="/home/jotape/Dropbox/workspace/algo3-grupo2/build.xml" />
    <property name="os.version" value="3.2.0-23-generic" />
    <property name="path.separator" value=":" />
    <property name="java.vm.version" value="24.45-b08" />
    <property name="ant.library.dir" value="/usr/share/ant/lib" />
    <property name="java.awt.printerjob" value="sun.print.PSPrinterJob" />
    <property name="sun.io.unicode.encoding" value="UnicodeLittle" />
    <property name="awt.toolkit" value="sun.awt.X11.XToolkit" />
    <property name="reports.xml.dir" value="/home/jotape/Dropbox/workspace/algo3-grupo2/build/reports/junit-xml" />
    <property name="user.home" value="/home/jotape" />
    <property name="java.specification.vendor" value="Oracle Corporation" />
    <property name="coverage.xml.dir" value="/home/jotape/Dropbox/workspace/algo3-grupo2/build/reports/cobertura-xml" />
    <property name="java.library.path" value="/usr/java/packages/lib/i386:/lib:/usr/lib" />
    <property name="java.vendor.url" value="http://java.oracle.com/" />
    <property name="java.vm.vendor" value="Oracle Corporation" />
    <property name="java.runtime.name" value="Java(TM) SE Runtime Environment" />
    <property name="sun.java.command" value="org.apache.tools.ant.taskdefs.optional.junit.JUnitTestRunner testsfile=/home/jotape/Dropbox/workspace/algo3-grupo2/junittestcases3427267464417084417.properties filtertrace=true haltOnError=false haltOnFailure=false showoutput=false outputtoformatters=true logfailedtests=true logtestlistenerevents=false formatter=org.apache.tools.ant.taskdefs.optional.junit.XMLJUnitResultFormatter,/home/jotape/Dropbox/workspace/algo3-grupo2/build/reports/junit-xml/IGNORETHIS.xml crashfile=/home/jotape/Dropbox/workspace/algo3-grupo2/junitvmwatcher6852108717411039723.properties propsfile=/home/jotape/Dropbox/workspace/algo3-grupo2/junit4523676010130160987.properties" />
    <property name="java.class.path" value="/home/jotape/Dropbox/workspace/algo3-grupo2/build/instrumented:/home/jotape/Dropbox/workspace/algo3-grupo2/build:/home/jotape/Dropbox/workspace/algo3-grupo2/libs/asm-3.0.jar:/home/jotape/Dropbox/workspace/algo3-grupo2/libs/asm-tree-3.0.jar:/home/jotape/Dropbox/workspace/algo3-grupo2/libs/checkstyle-5.5-all.jar:/home/jotape/Dropbox/workspace/algo3-grupo2/libs/cobertura.jar:/home/jotape/Dropbox/workspace/algo3-grupo2/libs/jakarta-oro-2.0.8.jar:/home/jotape/Dropbox/workspace/algo3-grupo2/libs/junit-4.10.jar:/home/jotape/Dropbox/workspace/algo3-grupo2/libs/log4j-1.2.9.jar:/home/jotape/Dropbox/workspace/algo3-grupo2/libs/mockito-all-1.9.0.jar:/home/jotape/Dropbox/workspace/algo3-grupo2/build/tests:/usr/share/ant/lib/junit.jar:/usr/share/java/ant-launcher-1.8.2.jar:/usr/share/ant/lib/ant.jar:/usr/share/ant/lib/ant-junit.jar:/usr/share/ant/lib/ant-junit4.jar" />
    <property name="ant.version" value="Apache Ant(TM) version 1.8.2 compiled on December 3 2011" />
    <property name="java.vm.specification.name" value="Java Virtual Machine Specification" />
    <property name="ant.file.type" value="file" />
    <property name="java.vm.specification.version" value="1.7" />
    <property name="sun.cpu.endian" value="little" />
    <property name="sun.os.patch.level" value="unknown" />
    <property name="java.io.tmpdir" value="/tmp" />
    <property name="java.vendor.url.bug" value="http://bugreport.sun.com/bugreport/" />
    <property name="os.arch" value="i386" />
    <property name="java.awt.graphicsenv" value="sun.awt.X11GraphicsEnvironment" />
    <property name="instrumented.dir" value="/home/jotape/Dropbox/workspace/algo3-grupo2/build/instrumented" />
    <property name="java.ext.dirs" value="/usr/lib/jvm/java-7-oracle/jre/lib/ext:/usr/java/packages/lib/ext" />
    <property name="user.dir" value="/home/jotape/Dropbox/workspace/algo3-grupo2" />
    <property name="line.separator" value="&#xa;" />
    <property name="java.vm.name" value="Java HotSpot(TM) Server VM" />
    <property name="basedir" value="/home/jotape/Dropbox/workspace/algo3-grupo2" />
    <property name="ant.java.version" value="1.7" />
    <property name="ant.core.lib" value="/usr/share/ant/lib/ant.jar" />
    <property name="file.encoding" value="UTF-8" />
    <property name="ant.file.tp-final-algo3" value="/home/jotape/Dropbox/workspace/algo3-grupo2/build.xml" />
    <property name="java.specification.version" value="1.7" />
    <property name="src.dir" value="/home/jotape/Dropbox/workspace/algo3-grupo2/src" />
    <property name="ant.project.invoked-targets" value="test" />
  </properties>
  <testcase classname="fiuba.algo3.modelo.vehiculos.VehiculoTest" name="testEquals" time="0.0" />
  <testcase classname="fiuba.algo3.modelo.vehiculos.VehiculoTest" name="testNotEquals" time="0.0" />
  <testcase classname="fiuba.algo3.modelo.vehiculos.VehiculoTest" name="testDeberiaDevolverFalsoSiComparoUnVehiculoConUnaCoordenada" time="0.0" />
  <system-out><![CDATA[]]></system-out>
  <system-err><![CDATA[]]></system-err>
</testsuite>
